<?xml version="1.0" encoding="UTF-8"?>
<!-- Generated by org.testng.reporters.JUnitXMLReporter -->
<testsuite hostname="2DI3052" ignored="0" name="Test1" tests="2" failures="1" timestamp="16 Jan 2020 11:47:09 GMT" time="44.625" errors="0">
  <testcase name="Invalid_Login_Test" time="8.233" classname="tests.TC_001_Login_Valid">
    <skipped/>
  </testcase> <!-- Invalid_Login_Test -->
  <testcase name="Invalid_Login_Test" time="9.084" classname="tests.TC_001_Login_Valid">
    <failure type="java.lang.AssertionError" message="expected [Incorrect Username/Password] but found [Test]">
      <![CDATA[java.lang.AssertionError: expected [Incorrect Username/Password] but found [Test]
at pages.Login.Verify_Error_Msg(Login.java:70)
at tests.TC_001_Login_Valid.Invalid_Login_Test(TC_001_Login_Valid.java:18)
at java.util.concurrent.FutureTask.run(FutureTask.java:266)
at java.util.concurrent.ThreadPoolExecutor.runWorker(ThreadPoolExecutor.java:1142)
at java.util.concurrent.ThreadPoolExecutor$Worker.run(ThreadPoolExecutor.java:617)
at java.lang.Thread.run(Thread.java:745)
... Removed 22 stack frames]]>
    </failure>
  </testcase> <!-- Invalid_Login_Test -->
</testsuite> <!-- Test1 -->
