<?xml version="1.0" encoding="UTF-8"?>
<testsuite name="TestSuite" time="0" tests="2" errors="0" skipped="1" failures="1">
  <properties>
[...]
</properties>
  <testcase name="Invalid_Login_Test" classname="tests.TC_001_Login_Valid" time="0">
    <skipped/>
    <system-out><![CDATA[...
... TestNG 6.14.3 by Cédric Beust (cedric@beust.com)
...

I am in onStart method Test1
@BeforeMethod running
I am in onTestStart method Invalid_Login_Test start
startTest - 10
current_Test_Name is - tests.TC_001_Login_Valid.Invalid_Login_Test
Clicking
I am in onTestSkipped method Invalid_Login_Test skipped
]]></system-out>
    <system-err><![CDATA[Starting ChromeDriver 2.43.600210 (68dcf5eebde37173d4027fa8635e332711d2874a) on port 43870
Only local connections are allowed.
Jan 16, 2020 5:16:40 PM org.openqa.selenium.remote.ProtocolHandshake createSession
INFO: Detected dialect: OSS
]]></system-err>
  </testcase>
  <testcase name="Invalid_Login_Test" classname="tests.TC_001_Login_Valid" time="10.485">
    <failure message="expected [Incorrect Username/Password] but found [Test]" type="java.lang.AssertionError">java.lang.AssertionError: expected [Incorrect Username/Password] but found [Test]
	at org.testng.Assert.fail(Assert.java:96)
	at org.testng.Assert.failNotEquals(Assert.java:776)
	at org.testng.Assert.assertEqualsImpl(Assert.java:137)
	at org.testng.Assert.assertEquals(Assert.java:118)
	at org.testng.Assert.assertEquals(Assert.java:453)
	at org.testng.Assert.assertEquals(Assert.java:463)
	at pages.Login.Verify_Error_Msg(Login.java:70)
	at tests.TC_001_Login_Valid.Invalid_Login_Test(TC_001_Login_Valid.java:18)
</failure>
    <system-out><![CDATA[@AfterMethod is called
@BeforeMethod running
I am in onTestStart method Invalid_Login_Test start
startTest - 10
current_Test_Name is - tests.TC_001_Login_Valid.Invalid_Login_Test
Clicking
I am in onTestFailure method Invalid_Login_Test failed
]]></system-out>
    <system-err><![CDATA[Starting ChromeDriver 2.43.600210 (68dcf5eebde37173d4027fa8635e332711d2874a) on port 2902
Only local connections are allowed.
Jan 16, 2020 5:16:56 PM org.openqa.selenium.remote.ProtocolHandshake createSession
INFO: Detected dialect: OSS
]]></system-err>
  </testcase>
</testsuite>